TN:
SF:src/modules/Ingredient.ts
FN:25,(anonymous_0)
FN:39,(anonymous_1)
FN:47,(anonymous_2)
FN:55,(anonymous_3)
FN:63,(anonymous_4)
FN:74,(anonymous_5)
FN:82,(anonymous_6)
FN:90,(anonymous_7)
FN:98,(anonymous_8)
FNF:9
FNH:9
FNDA:1,(anonymous_0)
FNDA:1,(anonymous_1)
FNDA:1,(anonymous_2)
FNDA:1,(anonymous_3)
FNDA:1,(anonymous_4)
FNDA:2,(anonymous_5)
FNDA:2,(anonymous_6)
FNDA:2,(anonymous_7)
FNDA:2,(anonymous_8)
DA:12,1
DA:26,1
DA:27,1
DA:28,1
DA:29,1
DA:40,1
DA:48,1
DA:56,1
DA:64,1
DA:75,2
DA:83,2
DA:91,2
DA:99,2
LF:13
LH:13
BRF:0
BRH:0
end_of_record
TN:
SF:src/modules/Location.ts
FN:21,(anonymous_0)
FN:35,(anonymous_1)
FN:43,(anonymous_2)
FN:51,(anonymous_3)
FN:59,(anonymous_4)
FN:70,(anonymous_5)
FN:78,(anonymous_6)
FN:86,(anonymous_7)
FN:94,(anonymous_8)
FNF:9
FNH:9
FNDA:3,(anonymous_0)
FNDA:1,(anonymous_1)
FNDA:1,(anonymous_2)
FNDA:1,(anonymous_3)
FNDA:1,(anonymous_4)
FNDA:2,(anonymous_5)
FNDA:2,(anonymous_6)
FNDA:2,(anonymous_7)
FNDA:2,(anonymous_8)
DA:8,1
DA:22,3
DA:23,3
DA:24,3
DA:25,3
DA:36,1
DA:44,1
DA:52,1
DA:60,1
DA:71,2
DA:79,2
DA:87,2
DA:95,2
LF:13
LH:13
BRF:0
BRH:0
end_of_record
TN:
SF:src/modules/MacroNutrients.ts
FN:18,(anonymous_0)
FN:31,(anonymous_1)
FN:39,(anonymous_2)
FN:47,(anonymous_3)
FN:58,(anonymous_4)
FN:66,(anonymous_5)
FN:74,(anonymous_6)
FNF:7
FNH:7
FNDA:3,(anonymous_0)
FNDA:1,(anonymous_1)
FNDA:1,(anonymous_2)
FNDA:1,(anonymous_3)
FNDA:2,(anonymous_4)
FNDA:2,(anonymous_5)
FNDA:2,(anonymous_6)
DA:7,1
DA:19,3
DA:20,3
DA:21,3
DA:32,1
DA:40,1
DA:48,1
DA:59,2
DA:67,2
DA:75,2
LF:10
LH:10
BRF:0
BRH:0
end_of_record
