TN:
SF:src/modules/Ingredient.ts
FN:29,(anonymous_0)
FN:42,(anonymous_1)
FN:54,(anonymous_2)
FN:65,(anonymous_3)
FN:73,(anonymous_4)
FN:81,(anonymous_5)
FN:89,(anonymous_6)
FN:97,(anonymous_7)
FN:105,(anonymous_8)
FN:116,(anonymous_9)
FN:124,(anonymous_10)
FN:132,(anonymous_11)
FN:140,(anonymous_12)
FN:148,(anonymous_13)
FN:156,(anonymous_14)
FNF:15
FNH:15
FNDA:1,(anonymous_0)
FNDA:1,(anonymous_1)
FNDA:1,(anonymous_2)
FNDA:1,(anonymous_3)
FNDA:1,(anonymous_4)
FNDA:1,(anonymous_5)
FNDA:1,(anonymous_6)
FNDA:1,(anonymous_7)
FNDA:1,(anonymous_8)
FNDA:2,(anonymous_9)
FNDA:3,(anonymous_10)
FNDA:2,(anonymous_11)
FNDA:2,(anonymous_12)
FNDA:3,(anonymous_13)
FNDA:6,(anonymous_14)
DA:14,1
DA:30,1
DA:31,1
DA:32,1
DA:33,1
DA:34,1
DA:35,1
DA:43,1
DA:44,1
DA:45,1
DA:46,1
DA:47,1
DA:55,1
DA:66,1
DA:74,1
DA:82,1
DA:90,1
DA:98,1
DA:106,1
DA:117,2
DA:125,3
DA:133,2
DA:141,2
DA:149,3
DA:157,6
LF:25
LH:25
BRF:0
BRH:0
end_of_record
TN:
SF:src/modules/Location.ts
FN:21,(anonymous_0)
FN:35,(anonymous_1)
FN:43,(anonymous_2)
FN:51,(anonymous_3)
FN:59,(anonymous_4)
FN:70,(anonymous_5)
FN:78,(anonymous_6)
FN:86,(anonymous_7)
FN:94,(anonymous_8)
FNF:9
FNH:9
FNDA:3,(anonymous_0)
FNDA:1,(anonymous_1)
FNDA:1,(anonymous_2)
FNDA:1,(anonymous_3)
FNDA:1,(anonymous_4)
FNDA:2,(anonymous_5)
FNDA:2,(anonymous_6)
FNDA:2,(anonymous_7)
FNDA:2,(anonymous_8)
DA:8,1
DA:22,3
DA:23,3
DA:24,3
DA:25,3
DA:36,1
DA:44,1
DA:52,1
DA:60,1
DA:71,2
DA:79,2
DA:87,2
DA:95,2
LF:13
LH:13
BRF:0
BRH:0
end_of_record
TN:
SF:src/modules/MacroNutrients.ts
FN:18,(anonymous_0)
FN:31,(anonymous_1)
FN:39,(anonymous_2)
FN:47,(anonymous_3)
FN:58,(anonymous_4)
FN:66,(anonymous_5)
FN:74,(anonymous_6)
FNF:7
FNH:7
FNDA:4,(anonymous_0)
FNDA:2,(anonymous_1)
FNDA:2,(anonymous_2)
FNDA:2,(anonymous_3)
FNDA:3,(anonymous_4)
FNDA:3,(anonymous_5)
FNDA:3,(anonymous_6)
DA:7,1
DA:19,4
DA:20,4
DA:21,4
DA:32,2
DA:40,2
DA:48,2
DA:59,3
DA:67,3
DA:75,3
LF:10
LH:10
BRF:0
BRH:0
end_of_record
